<?xml version="1.0" encoding="UTF-8"?>
<!-- Generated by org.testng.reporters.JUnitReportReporter -->
<testsuite hostname="MSI" failures="0" tests="1" name="Alert_days16.AlertSendKeys" time="5.120" errors="0" timestamp="2023-07-13T21:35:34 ICT" skipped="0">
  <testcase classname="Alert_days16.AlertSendKeys" name="TestAlert02" time="5.120"/>
  <system-out/>
</testsuite> <!-- Alert_days16.AlertSendKeys -->
