<?xml version="1.0" encoding="UTF-8"?>
<!-- Generated by org.testng.reporters.JUnitReportReporter -->
<testsuite hostname="MSI" failures="0" tests="1" name="automation.testsuite.TrangNguyen.Login_factory" time="12.192" errors="0" timestamp="2023-07-06T21:31:23 ICT" skipped="0">
  <testcase classname="automation.testsuite.TrangNguyen.Login_factory" name="LoginSS" time="12.192"/>
  <system-out/>
</testsuite> <!-- automation.testsuite.TrangNguyen.Login_factory -->
