<?xml version="1.0" encoding="UTF-8"?>
<!-- Generated by org.testng.reporters.JUnitReportReporter -->
<testsuite hostname="MSI" failures="0" tests="1" name="automation.testsuite.TrangNguyen.ClientTestFactory_Days15" time="10.549" errors="0" timestamp="2023-07-13T19:48:18 ICT" skipped="0">
  <testcase classname="automation.testsuite.TrangNguyen.ClientTestFactory_Days15" name="AddClient_SS" time="10.549"/>
  <system-out/>
</testsuite> <!-- automation.testsuite.TrangNguyen.ClientTestFactory_Days15 -->
