<?xml version="1.0" encoding="UTF-8"?>
<!-- Generated by org.testng.reporters.JUnitReportReporter -->
<testsuite hostname="MSI" failures="0" tests="1" name="automation.testsuite.TrangNguyen.FLIGHTS_TEST" time="1.858" errors="0" timestamp="2023-07-20T20:33:44 ICT" skipped="0">
  <testcase classname="automation.testsuite.TrangNguyen.FLIGHTS_TEST" name="Search_SS" time="1.858"/>
  <system-out/>
</testsuite> <!-- automation.testsuite.TrangNguyen.FLIGHTS_TEST -->
