<?xml version="1.0" encoding="UTF-8"?>
<!-- Generated by org.testng.reporters.JUnitReportReporter -->
<testsuite hostname="trangnth1" failures="0" tests="1" name="Windown_iframe.WindownPopup" time="11.038" errors="0" timestamp="2023-07-19T15:44:24 ICT" skipped="0">
  <testcase classname="Windown_iframe.WindownPopup" name="TestPopupWindown" time="11.038"/>
  <system-out/>
</testsuite> <!-- Windown_iframe.WindownPopup -->
