<?xml version="1.0" encoding="UTF-8"?>
<!-- Generated by org.testng.reporters.JUnitReportReporter -->
<testsuite hostname="MSI" failures="0" tests="1" name="Alert_days16.AlertBasic" time="4.156" errors="0" timestamp="2023-07-13T21:27:49 ICT" skipped="0">
  <testcase classname="Alert_days16.AlertBasic" name="TestAlert01" time="4.156"/>
  <system-out/>
</testsuite> <!-- Alert_days16.AlertBasic -->
