<?xml version="1.0" encoding="UTF-8"?>
<!-- Generated by org.testng.reporters.JUnitReportReporter -->
<testsuite hostname="trangnth1" failures="0" tests="1" name="automation.testsuite.TrangNguyen.ClientTestFactory_Days15" time="12.091" errors="0" timestamp="2023-07-13T17:13:58 ICT" skipped="0">
  <testcase classname="automation.testsuite.TrangNguyen.ClientTestFactory_Days15" name="AddClientUSS_Blank" time="12.091"/>
  <system-out/>
</testsuite> <!-- automation.testsuite.TrangNguyen.ClientTestFactory_Days15 -->
