<?xml version="1.0" encoding="UTF-8"?>
<!-- Generated by org.testng.reporters.JUnitReportReporter -->
<testsuite hostname="MSI" failures="0" tests="1" name="automation.pageLocatorTrangNTH.Login_factory_days14" time="2.808" errors="0" timestamp="2023-07-06T20:57:44 ICT" skipped="0">
  <testcase classname="automation.pageLocatorTrangNTH.Login_factory_days14" name="LoginUSS" time="2.808"/>
  <system-out/>
</testsuite> <!-- automation.pageLocatorTrangNTH.Login_factory_days14 -->
